This is pdfTeX, Version 3.141592653-2.6-1.40.29 (TeX Live 2026/Arch Linux) (preloaded format=pdflatex)
 restricted \write18 enabled.
entering extended mode
(./main.tex
LaTeX2e <2025-11-01>
L3 programming layer <2026-01-19>
(/usr/share/texmf-dist/tex/latex/base/book.cls
Document Class: book 2025/01/22 v1.4n Standard LaTeX document class
(/usr/share/texmf-dist/tex/latex/base/bk11.clo)) (./preamble.tex
(/usr/share/texmf-dist/tex/latex/amsmath/amsmath.sty
For additional information on amsmath, use the `?' option.
(/usr/share/texmf-dist/tex/latex/amsmath/amstext.sty
(/usr/share/texmf-dist/tex/latex/amsmath/amsgen.sty))
(/usr/share/texmf-dist/tex/latex/amsmath/amsbsy.sty)
(/usr/share/texmf-dist/tex/latex/amsmath/amsopn.sty))
(/usr/share/texmf-dist/tex/latex/amscls/amsthm.sty)
(/usr/share/texmf-dist/tex/latex/amsfonts/amssymb.sty
(/usr/share/texmf-dist/tex/latex/amsfonts/amsfonts.sty))
(/usr/share/texmf-dist/tex/latex/geometry/geometry.sty
(/usr/share/texmf-dist/tex/latex/graphics/keyval.sty)
(/usr/share/texmf-dist/tex/generic/iftex/ifvtex.sty
(/usr/share/texmf-dist/tex/generic/iftex/iftex.sty)))
(/usr/share/texmf-dist/tex/latex/hyperref/hyperref.sty
(/usr/share/texmf-dist/tex/latex/kvsetkeys/kvsetkeys.sty)
(/usr/share/texmf-dist/tex/generic/kvdefinekeys/kvdefinekeys.sty)
(/usr/share/texmf-dist/tex/generic/pdfescape/pdfescape.sty
(/usr/share/texmf-dist/tex/generic/ltxcmds/ltxcmds.sty)
(/usr/share/texmf-dist/tex/generic/pdftexcmds/pdftexcmds.sty
(/usr/share/texmf-dist/tex/generic/infwarerr/infwarerr.sty)))
(/usr/share/texmf-dist/tex/latex/hycolor/hycolor.sty)
(/usr/share/texmf-dist/tex/latex/hyperref/nameref.sty
(/usr/share/texmf-dist/tex/latex/refcount/refcount.sty)
(/usr/share/texmf-dist/tex/generic/gettitlestring/gettitlestring.sty
(/usr/share/texmf-dist/tex/latex/kvoptions/kvoptions.sty)))
(/usr/share/texmf-dist/tex/latex/etoolbox/etoolbox.sty)
(/usr/share/texmf-dist/tex/generic/stringenc/stringenc.sty)
(/usr/share/texmf-dist/tex/latex/hyperref/pd1enc.def)
(/usr/share/texmf-dist/tex/generic/intcalc/intcalc.sty)
(/usr/share/texmf-dist/tex/latex/hyperref/puenc.def)
(/usr/share/texmf-dist/tex/latex/url/url.sty)
(/usr/share/texmf-dist/tex/generic/bitset/bitset.sty
(/usr/share/texmf-dist/tex/generic/bigintcalc/bigintcalc.sty)))
(/usr/share/texmf-dist/tex/latex/hyperref/hpdftex.def
(/usr/share/texmf-dist/tex/latex/rerunfilecheck/rerunfilecheck.sty
(/usr/share/texmf-dist/tex/generic/uniquecounter/uniquecounter.sty)))
(/usr/share/texmf-dist/tex/latex/listings/listings.sty
(/usr/share/texmf-dist/tex/latex/listings/lstpatch.sty)
(/usr/share/texmf-dist/tex/latex/listings/lstmisc.sty)
(/usr/share/texmf-dist/tex/latex/listings/listings.cfg))
==> First Aid for listings.sty no longer applied!
    Expected:
        2024/09/23 1.10c (Carsten Heinz)
    but found:
        2025/11/14 1.11b (Carsten Heinz)
    so I'm assuming it got fixed.
(/usr/share/texmf-dist/tex/latex/xcolor/xcolor.sty
(/usr/share/texmf-dist/tex/latex/graphics-cfg/color.cfg)
(/usr/share/texmf-dist/tex/latex/graphics-def/pdftex.def)
(/usr/share/texmf-dist/tex/latex/graphics/mathcolor.ltx))
(/usr/share/texmf-dist/tex/latex/enumitem/enumitem.sty)
(/usr/share/texmf-dist/tex/latex/booktabs/booktabs.sty)
(/usr/share/texmf-dist/tex/latex/tools/array.sty)
(/usr/share/texmf-dist/tex/latex/microtype/microtype.sty
(/usr/share/texmf-dist/tex/latex/microtype/microtype-pdftex.def)
(/usr/share/texmf-dist/tex/latex/microtype/microtype.cfg))
(/usr/share/texmf-dist/tex/latex/tools/verbatim.sty)
(/usr/share/texmf-dist/tex/latex/listings/lstlang1.sty))
(/usr/share/texmf-dist/tex/latex/l3backend/l3backend-pdftex.def) (./main.aux)
*geometry* driver: auto-detecting
*geometry* detected driver: pdftex
(./main.out) (./main.out)
(/usr/share/texmf-dist/tex/context/base/mkii/supp-pdf.mkii
[Loading MPS to PDF converter (version 2006.09.02).]
) (/usr/share/texmf-dist/tex/latex/microtype/mt-cmr.cfg)
(/usr/share/texmf-dist/tex/latex/amsfonts/umsa.fd)
(/usr/share/texmf-dist/tex/latex/microtype/mt-msa.cfg)
(/usr/share/texmf-dist/tex/latex/amsfonts/umsb.fd)
(/usr/share/texmf-dist/tex/latex/microtype/mt-msb.cfg) [1{/var/lib/texmf/fonts/
map/pdftex/updmap/pdftex.map}] [2] (./main.toc) [3] (./sol00_review.tex
Chapter 1.
[4] [5]) [6] (./sol03_least_squares.tex
Chapter 2.
[7]
Overfull \hbox (23.94533pt too wide) in paragraph at lines 98--100
[]\OT1/cmr/bx/n/10.95 (-20) (b) Nor-mal equa-tions: $\OML/cmm/m/it/10.95 A[]A \
OT1/cmr/m/n/10.95 (-20) = []$, $\OML/cmm/m/it/10.95 A[]\OT1/cmr/bx/n/10.95 (-20
) b \OT1/cmr/m/n/10.95 (-20) = []$. $[] = 19$. $[] = [] [] [] =
[8]) [9] (./sol04_curve_fitting.tex
Chapter 3.
[10] [11]) [12] (./sol05_team_ranking.tex
Chapter 4.
[13]) [14] [15] (./sol12_graph_theory.tex
Chapter 5.
[16]
Overfull \hbox (21.11015pt too wide) in paragraph at lines 63--65
\OT1/cmr/m/it/10.95 (-20) Solution. $\OML/cmm/m/it/10.95 V[] \OT1/cmr/m/n/10.95
 (-20) = \OMS/cmsy/m/n/10.95 f\OT1/cmr/m/n/10.95 (-20) 1\OML/cmm/m/it/10.95 ; \
OT1/cmr/m/n/10.95 (-20) 2\OML/cmm/m/it/10.95 ; \OT1/cmr/m/n/10.95 (-20) 3\OMS/c
msy/m/n/10.95 g$ \OT1/cmr/m/n/10.95 (-20) (neg-a-tive en-tries), $\OML/cmm/m/it
/10.95 V[] \OT1/cmr/m/n/10.95 (-20) = \OMS/cmsy/m/n/10.95 f\OT1/cmr/m/n/10.95 (
-20) 4\OML/cmm/m/it/10.95 ; \OT1/cmr/m/n/10.95 (-20) 5\OMS/cmsy/m/n/10.95 g$ \O
T1/cmr/m/n/10.95 (-20) (pos-i-tive en-tries). Par-ti-tion: $(\OMS/cmsy/m/n/10.9
5 f\OT1/cmr/m/n/10.95 (-20) 1\OML/cmm/m/it/10.95 ; \OT1/cmr/m/n/10.95 (-20) 2\O
ML/cmm/m/it/10.95 ; \OT1/cmr/m/n/10.95 (-20) 3\OMS/cmsy/m/n/10.95 g\OML/cmm/m/i
t/10.95 ; \OMS/cmsy/m/n/10.95 f\OT1/cmr/m/n/10.95 (-20) 4\OML/cmm/m/it/10.95 ; 
\OT1/cmr/m/n/10.95 (-20) 5\OMS/cmsy/m/n/10.95 g\OT1/cmr/m/n/10.95 (-20) )$.

Overfull \hbox (56.28595pt too wide) in paragraph at lines 82--84
\OT1/cmr/m/it/10.95 (-20) Solution. \OT1/cmr/m/n/10.95 (-20) G2 (lin-ear chain)
: Fiedler vec-tor is mono-tone $\OMS/cmsy/m/n/10.95 !$ \OT1/cmr/m/n/10.95 (-20)
 matches $[] = (\OMS/cmsy/m/n/10.95 ^^@\OT1/cmr/m/n/10.95 (-20) 0\OML/cmm/m/it/
10.95 :\OT1/cmr/m/n/10.95 (-20) 56\OML/cmm/m/it/10.95 ; \OMS/cmsy/m/n/10.95 ^^@
\OT1/cmr/m/n/10.95 (-20) 0\OML/cmm/m/it/10.95 :\OT1/cmr/m/n/10.95 (-20) 41\OML/
cmm/m/it/10.95 ; \OMS/cmsy/m/n/10.95 ^^@\OT1/cmr/m/n/10.95 (-20) 0\OML/cmm/m/it
/10.95 :\OT1/cmr/m/n/10.95 (-20) 15\OML/cmm/m/it/10.95 ; \OT1/cmr/m/n/10.95 (-2
0) 0\OML/cmm/m/it/10.95 :\OT1/cmr/m/n/10.95 (-20) 15\OML/cmm/m/it/10.95 ; \OT1/
cmr/m/n/10.95 (-20) 0\OML/cmm/m/it/10.95 :\OT1/cmr/m/n/10.95 (-20) 41\OML/cmm/m
/it/10.95 ; \OT1/cmr/m/n/10.95 (-20) 0\OML/cmm/m/it/10.95 :\OT1/cmr/m/n/10.95 (
-20) 56)$. 

Overfull \hbox (16.07974pt too wide) in paragraph at lines 85--86
[]\OT1/cmr/m/n/10.95 (-20) G1 (sym-met-ric 2-wing): Two equal clus-ters $\OMS/c
msy/m/n/10.95 !$ \OT1/cmr/m/n/10.95 (-20) matches $[] = (0\OML/cmm/m/it/10.95 :
\OT1/cmr/m/n/10.95 (-20) 46\OML/cmm/m/it/10.95 ; \OT1/cmr/m/n/10.95 (-20) 0\OML
/cmm/m/it/10.95 :\OT1/cmr/m/n/10.95 (-20) 46\OML/cmm/m/it/10.95 ; \OT1/cmr/m/n/
10.95 (-20) 0\OML/cmm/m/it/10.95 :\OT1/cmr/m/n/10.95 (-20) 26\OML/cmm/m/it/10.9
5 ; \OMS/cmsy/m/n/10.95 ^^@\OT1/cmr/m/n/10.95 (-20) 0\OML/cmm/m/it/10.95 :\OT1/
cmr/m/n/10.95 (-20) 26\OML/cmm/m/it/10.95 ; \OMS/cmsy/m/n/10.95 ^^@\OT1/cmr/m/n
/10.95 (-20) 0\OML/cmm/m/it/10.95 :\OT1/cmr/m/n/10.95 (-20) 46\OML/cmm/m/it/10.
95 ; \OMS/cmsy/m/n/10.95 ^^@\OT1/cmr/m/n/10.95 (-20) 0\OML/cmm/m/it/10.95 :\OT1
/cmr/m/n/10.95 (-20) 46)$. 
[17] [18] [19{/usr/share/texmf-dist/fonts/enc/dvips/cm-super/cm-super-ts1.enc}]
[20] [21]) [22] (./sol06_markov_chains.tex
Chapter 6.
[23] [24]) [25] (./sol07_pagerank.tex
Chapter 7.
[26] [27]) [28] (./sol07_1_spectral_theorem.tex
Chapter 8.
[29]) [30] (./sol08_svd.tex
Chapter 9.
[31] [32]
Overfull \hbox (1.8998pt too wide) in paragraph at lines 239--241
\OT1/cmr/m/it/10.95 (-20) Solution. \OT1/cmr/bx/n/10.95 (-20) 17. $\OML/cmm/m/i
t/10.95 A \OT1/cmr/m/n/10.95 (-20) = \OML/cmm/m/it/10.95 U\OT1/cmr/m/n/10.95 (-
20) ^^F\OML/cmm/m/it/10.95 V[]$ \OT1/cmr/m/n/10.95 (-20) with $\OML/cmm/m/it/10
.95 U; V$ \OT1/cmr/m/n/10.95 (-20) or-thog-o-nal ($\OMS/cmsy/m/n/10.95 j [] j \
OT1/cmr/m/n/10.95 (-20) = 1$). $\OMS/cmsy/m/n/10.95 j [] \OML/cmm/m/it/10.95 A\
OMS/cmsy/m/n/10.95 j \OT1/cmr/m/n/10.95 (-20) = \OMS/cmsy/m/n/10.95 j [] \OML/c
mm/m/it/10.95 U\OMS/cmsy/m/n/10.95 jj [] \OT1/cmr/m/n/10.95 (-20) ^^F\OMS/cmsy/
m/n/10.95 jj [] \OML/cmm/m/it/10.95 V[]\OMS/cmsy/m/n/10.95 j \OT1/cmr/m/n/10.95
 (-20) =
[33]) [34] (./sol09_quantum_qubit.tex
Chapter 10.
[35] [36] [37] [38]) [39] (./sol10_image_compression.tex
Chapter 11.
[40] [41] [42] [43]) [44] (./sol11_sp6.tex
Chapter 12.
[45] [46] [47]) [48] (./main.aux) )
(see the transcript file for additional information)</usr/share/texmf-dist/font
s/type1/public/amsfonts/cm/cmbx10.pfb></usr/share/texmf-dist/fonts/type1/public
/amsfonts/cm/cmbx12.pfb></usr/share/texmf-dist/fonts/type1/public/amsfonts/cm/c
mex10.pfb></usr/share/texmf-dist/fonts/type1/public/amsfonts/cm/cmmi10.pfb></us
r/share/texmf-dist/fonts/type1/public/amsfonts/cm/cmmi6.pfb></usr/share/texmf-d
ist/fonts/type1/public/amsfonts/cm/cmmi8.pfb></usr/share/texmf-dist/fonts/type1
/public/amsfonts/cm/cmr10.pfb></usr/share/texmf-dist/fonts/type1/public/amsfont
s/cm/cmr12.pfb></usr/share/texmf-dist/fonts/type1/public/amsfonts/cm/cmr6.pfb><
/usr/share/texmf-dist/fonts/type1/public/amsfonts/cm/cmr8.pfb></usr/share/texmf
-dist/fonts/type1/public/amsfonts/cm/cmsl10.pfb></usr/share/texmf-dist/fonts/ty
pe1/public/amsfonts/cm/cmsy10.pfb></usr/share/texmf-dist/fonts/type1/public/ams
fonts/cm/cmsy6.pfb></usr/share/texmf-dist/fonts/type1/public/amsfonts/cm/cmsy8.
pfb></usr/share/texmf-dist/fonts/type1/public/amsfonts/cm/cmti10.pfb></usr/shar
e/texmf-dist/fonts/type1/public/amsfonts/cm/cmtt10.pfb></usr/share/texmf-dist/f
onts/type1/public/amsfonts/cm/cmtt9.pfb></usr/share/texmf-dist/fonts/type1/publ
ic/amsfonts/symbols/msam10.pfb></usr/share/texmf-dist/fonts/type1/public/amsfon
ts/symbols/msbm10.pfb></usr/share/texmf-dist/fonts/type1/public/cm-super/sfbx14
40.pfb></usr/share/texmf-dist/fonts/type1/public/cm-super/sfrm1095.pfb></usr/sh
are/texmf-dist/fonts/type1/public/cm-super/sfti1095.pfb>
Output written on main.pdf (48 pages, 457728 bytes).
Transcript written on main.log.
